La génération a démarré 03/03/2013 19:58:55.
     1>Projet "C:\Program Files (x86)\Google\Google SketchUp 8\Plugins\GESTURE\Interpretation\test sigmanil\premiertest\premiertest\premiertest.vcxproj" sur le nœud 2 (build cible(s)).
     1>InitializeBuildStatus:
         Mise à jour de l'horodatage "test\premiertest.unsuccessfulbuild".
       ClCompile:
         Toutes les sorties sont à jour.
       Link:
         C:\Program Files (x86)\Microsoft Visual Studio 10.0\VC\bin\link.exe /ERRORREPORT:PROMPT /OUT:"C:\Program Files (x86)\Google\Google SketchUp 8\Plugins\GESTURE\Interpretation\test sigmanil\premiertest\test\premiertest.exe" /NOLOGO /LIBPATH:"C:\Program Files\SigmaNILFramework\bin" /LIBPATH:"C:\boost\boost_1_53_0\bin.v2\libs\chrono\build\msvc-10.0\release\link-static\threading-multi" /LIBPATH:"C:\boost\boost_1_53_0\bin.v2\libs\system\build\msvc-10.0\release\link-static\threading-multi" /LIBPATH:"C:\boost\boost_1_53_0\bin.v2\libs\date_time\build\msvc-10.0\release\link-static\threading-multi" /LIBPATH:"C:\boost\boost_1_53_0\bin.v2\libs\thread\build\msvc-10.0\release\link-static\threading-multi" SigmaNIL_2.0_x64.lib kernel32.lib user32.lib gdi32.lib winspool.lib comdlg32.lib advapi32.lib shell32.lib ole32.lib oleaut32.lib uuid.lib odbc32.lib odbccp32.lib /MANIFEST /ManifestFile:"test\premiertest.exe.intermediate.manifest" /MANIFESTUAC:"level='asInvoker' uiAccess='false'" /PDB:"C:\Program Files (x86)\Google\Google SketchUp 8\Plugins\GESTURE\Interpretation\test sigmanil\premiertest\test\premiertest.pdb" /TLBID:1 /DYNAMICBASE /NXCOMPAT /IMPLIB:"C:\Program Files (x86)\Google\Google SketchUp 8\Plugins\GESTURE\Interpretation\test sigmanil\premiertest\test\premiertest.lib" /MACHINE:X86 test\main.obj
            Création de la bibliothèque C:\Program Files (x86)\Google\Google SketchUp 8\Plugins\GESTURE\Interpretation\test sigmanil\premiertest\test\premiertest.lib et de l'objet C:\Program Files (x86)\Google\Google SketchUp 8\Plugins\GESTURE\Interpretation\test sigmanil\premiertest\test\premiertest.exp
     1>main.obj : error LNK2019: symbole externe non résolu "public: __thiscall SigmaNIL::NIL::~NIL(void)" (??1NIL@SigmaNIL@@QAE@XZ) référencé dans la fonction _main
     1>main.obj : error LNK2019: symbole externe non résolu "public: void __thiscall SigmaNIL::NIL::Init(enum SigmaNIL::DRIVER,enum SigmaNIL::DEVICE)" (?Init@NIL@SigmaNIL@@QAEXW4DRIVER@2@W4DEVICE@2@@Z) référencé dans la fonction _main
     1>main.obj : error LNK2019: symbole externe non résolu "public: __thiscall SigmaNIL::NIL::NIL(void)" (??0NIL@SigmaNIL@@QAE@XZ) référencé dans la fonction _main
     1>C:\Program Files (x86)\Google\Google SketchUp 8\Plugins\GESTURE\Interpretation\test sigmanil\premiertest\test\premiertest.exe : fatal error LNK1120: 3 externes non résolus
     1>Génération du projet "C:\Program Files (x86)\Google\Google SketchUp 8\Plugins\GESTURE\Interpretation\test sigmanil\premiertest\premiertest\premiertest.vcxproj" terminée (build cible(s)) -- ÉCHEC.

ÉCHEC de la build.

Temps écoulé 00:00:00.81
